<?xml version="1.0" encoding="UTF-8"?>
<!-- Generated by org.testng.reporters.JUnitReportReporter -->
<testsuite hostname="Teena_HP" failures="0" tests="1" name="com.prac.tests.FirstTest" time="18.171" errors="0" timestamp="2024-10-03T11:37:08 CDT" skipped="0">
  <testcase classname="com.prac.tests.FirstTest" name="test1" time="18.171"/>
</testsuite> <!-- com.prac.tests.FirstTest -->
